<?xml version="1.0" encoding="UTF-8"?>
<!-- Generated by org.testng.reporters.JUnitXMLReporter -->
<testsuite ignored="0" hostname="DESKTOP-T3O7D1B" failures="1" tests="2" name="Error Validation Test" time="60.683" errors="0" timestamp="2023-05-25T14:48:07 IST">
  <testcase classname="vinayacademy.ErrorValidationsTest" name="submitorder" time="2.8">
    <skipped/>
  </testcase> <!-- submitorder -->
  <testcase classname="vinayacademy.ErrorValidationsTest" name="submitorder" time="0.539">
    <failure type="java.lang.AssertionError" message="expected [Incorrect email or password.] but found [Incorrect email  password.]">
      <![CDATA[java.lang.AssertionError: expected [Incorrect email or password.] but found [Incorrect email  password.]
at vinayacademy.ErrorValidationsTest.submitorder(ErrorValidationsTest.java:18)
at java.base/java.util.ArrayList.forEach(ArrayList.java:1511)
at java.base/java.util.concurrent.FutureTask.run(FutureTask.java:264)
at java.base/java.util.concurrent.ThreadPoolExecutor.runWorker(ThreadPoolExecutor.java:1136)
at java.base/java.util.concurrent.ThreadPoolExecutor$Worker.run(ThreadPoolExecutor.java:635)
at java.base/java.lang.Thread.run(Thread.java:833)
... Removed 24 stack frames]]>
    </failure>
  </testcase> <!-- submitorder -->
</testsuite> <!-- Error Validation Test -->
