<?xml version="1.0" encoding="UTF-8"?>
<!-- Generated by org.testng.reporters.JUnitXMLReporter -->
<testsuite ignored="2" hostname="DESKTOP-T3O7D1B" failures="0" tests="0" time="0.095" errors="0" timestamp="2023-05-25T14:47:07 IST">
  <testcase classname="vinayacademy.SubmitOrdertest" name="orderHistoryTest" time="0.0">
    <ignored/>
  </testcase> <!-- orderHistoryTest -->
  <testcase classname="vinayacademy.SubmitOrdertest" name="submitorder" time="0.0">
    <ignored/>
  </testcase> <!-- submitorder -->
</testsuite>
